<?xml version="1.0" encoding="UTF-8"?>
<!-- Generated by org.testng.reporters.JUnitXMLReporter -->
<testsuite hostname="CORE-PC" ignored="3" tests="0" failures="0" timestamp="06 Jul 2019 09:58:31 GMT" time="4.579" errors="0">
  <testcase name="searchFunctionality" time="0.0" classname="admin.Login">
    <ignored/>
  </testcase> <!-- searchFunctionality -->
  <testcase name="cartverification" time="0.0" classname="admin.Login">
    <ignored/>
  </testcase> <!-- cartverification -->
  <testcase name="f" time="0.0" classname="admin.Dashboard">
    <ignored/>
  </testcase> <!-- f -->
</testsuite>
