<?xml version="1.0" encoding="UTF-8"?>
<!-- Generated by org.testng.reporters.JUnitXMLReporter -->
<testsuite hostname="CORE-PC" ignored="1" name="Admin" tests="2" failures="1" timestamp="07 Jul 2019 11:46:07 GMT" time="23.94" errors="0">
  <testcase name="searchFunctionality" time="2.653" classname="admin.Login"/>
  <testcase name="cartverification" time="13.743" classname="admin.Login">
    <failure type="java.lang.AssertionError" message="expected [phone] but found [iphone]">
      <![CDATA[java.lang.AssertionError: expected [phone] but found [iphone]
	at admin.Login.cartverification(Login.java:76)
... Removed 40 stack frames]]>
    </failure>
  </testcase> <!-- cartverification -->
  <testcase name="f" time="0.0" classname="admin.Dashboard">
    <ignored/>
  </testcase> <!-- f -->
</testsuite> <!-- Admin -->
