<?xml version="1.0" encoding="UTF-8"?>
<testng-results skipped="0" failed="0" ignored="0" total="2" passed="2">
  <reporter-output>
  </reporter-output>
  <suite name="Default suite" duration-ms="7490" started-at="2019-07-07T09:40:23Z" finished-at="2019-07-07T09:40:30Z">
    <groups>
    </groups>
    <test name="Default test" duration-ms="7490" started-at="2019-07-07T09:40:23Z" finished-at="2019-07-07T09:40:30Z">
      <class name="tests.Basicnavigations">
        <test-method status="PASS" signature="startBrowser()[pri:0, instance:tests.Basicnavigations@53f65459]" name="startBrowser" is-config="true" duration-ms="8480" started-at="2019-07-07T09:40:14Z" finished-at="2019-07-07T09:40:23Z">
          <reporter-output>
          </reporter-output>
        </test-method> <!-- startBrowser -->
        <test-method status="PASS" signature="login()[pri:0, instance:tests.Basicnavigations@53f65459]" name="login" is-config="true" duration-ms="2421" started-at="2019-07-07T09:40:23Z" finished-at="2019-07-07T09:40:25Z">
          <reporter-output>
          </reporter-output>
        </test-method> <!-- login -->
        <test-method status="PASS" signature="verifyAdminFunctionality()[pri:0, instance:tests.Basicnavigations@53f65459]" name="verifyAdminFunctionality" duration-ms="3214" started-at="2019-07-07T09:40:25Z" finished-at="2019-07-07T09:40:28Z">
          <reporter-output>
          </reporter-output>
        </test-method> <!-- verifyAdminFunctionality -->
        <test-method status="PASS" signature="verifyPimFunctionality()[pri:0, instance:tests.Basicnavigations@53f65459]" name="verifyPimFunctionality" duration-ms="1824" started-at="2019-07-07T09:40:28Z" finished-at="2019-07-07T09:40:30Z">
          <reporter-output>
          </reporter-output>
        </test-method> <!-- verifyPimFunctionality -->
      </class> <!-- tests.Basicnavigations -->
    </test> <!-- Default test -->
  </suite> <!-- Default suite -->
</testng-results>
